Determining if the pthread_create exist failed with the following output:
Change Dir: /home/whz/桌面/finalTask/armor/CMakeFiles/CMakeTmp

Run Build Command:"/usr/bin/make" "cmTC_792df/fast"
/usr/bin/make -f CMakeFiles/cmTC_792df.dir/build.make CMakeFiles/cmTC_792df.dir/build
make[1]: 进入目录“/home/whz/桌面/finalTask/armor/CMakeFiles/CMakeTmp”
Building C object CMakeFiles/cmTC_792df.dir/CheckSymbolExists.c.o
/usr/bin/cc    -o CMakeFiles/cmTC_792df.dir/CheckSymbolExists.c.o   -c /home/whz/桌面/finalTask/armor/CMakeFiles/CMakeTmp/CheckSymbolExists.c
Linking C executable cmTC_792df
/usr/bin/cmake -E cmake_link_script CMakeFiles/cmTC_792df.dir/link.txt --verbose=1
/usr/bin/cc      -rdynamic CMakeFiles/cmTC_792df.dir/CheckSymbolExists.c.o  -o cmTC_792df 
CMakeFiles/cmTC_792df.dir/CheckSymbolExists.c.o：在函数‘main’中：
CheckSymbolExists.c:(.text+0x1b)：对‘pthread_create’未定义的引用
collect2: error: ld returned 1 exit status
CMakeFiles/cmTC_792df.dir/build.make:97: recipe for target 'cmTC_792df' failed
make[1]: *** [cmTC_792df] Error 1
make[1]: 离开目录“/home/whz/桌面/finalTask/armor/CMakeFiles/CMakeTmp”
Makefile:126: recipe for target 'cmTC_792df/fast' failed
make: *** [cmTC_792df/fast] Error 2

File /home/whz/桌面/finalTask/armor/CMakeFiles/CMakeTmp/CheckSymbolExists.c:
/* */
#include <pthread.h>

int main(int argc, char** argv)
{
  (void)argv;
#ifndef pthread_create
  return ((int*)(&pthread_create))[argc];
#else
  (void)argc;
  return 0;
#endif
}

Determining if the function pthread_create exists in the pthreads failed with the following output:
Change Dir: /home/whz/桌面/finalTask/armor/CMakeFiles/CMakeTmp

Run Build Command:"/usr/bin/make" "cmTC_ca9cb/fast"
/usr/bin/make -f CMakeFiles/cmTC_ca9cb.dir/build.make CMakeFiles/cmTC_ca9cb.dir/build
make[1]: 进入目录“/home/whz/桌面/finalTask/armor/CMakeFiles/CMakeTmp”
Building C object CMakeFiles/cmTC_ca9cb.dir/CheckFunctionExists.c.o
/usr/bin/cc   -DCHECK_FUNCTION_EXISTS=pthread_create   -o CMakeFiles/cmTC_ca9cb.dir/CheckFunctionExists.c.o   -c /usr/share/cmake-3.10/Modules/CheckFunctionExists.c
Linking C executable cmTC_ca9cb
/usr/bin/cmake -E cmake_link_script CMakeFiles/cmTC_ca9cb.dir/link.txt --verbose=1
/usr/bin/cc  -DCHECK_FUNCTION_EXISTS=pthread_create    -rdynamic CMakeFiles/cmTC_ca9cb.dir/CheckFunctionExists.c.o  -o cmTC_ca9cb -lpthreads 
/usr/bin/ld: 找不到 -lpthreads
collect2: error: ld returned 1 exit status
CMakeFiles/cmTC_ca9cb.dir/build.make:97: recipe for target 'cmTC_ca9cb' failed
make[1]: *** [cmTC_ca9cb] Error 1
make[1]: 离开目录“/home/whz/桌面/finalTask/armor/CMakeFiles/CMakeTmp”
Makefile:126: recipe for target 'cmTC_ca9cb/fast' failed
make: *** [cmTC_ca9cb/fast] Error 2


